2020/11/21 8:52:12 - cmd: ip classless   -- load network config() - frmMain - 9 - Subscript out of range
2020/11/21 8:52:14 - cmd: ip classless   -- load network multi-device config() - frmMain - 55 - File already open
2020/11/21 8:52:32 - cmd: ip http server server -- create new router() - frmMain - 9 - Subscript out of range
2020/11/21 8:52:32 - cmd: ip http server server -- create new router() - frmMain - 9 - Subscript out of range
2020/11/21 8:52:32 - cmd: ip http server server -- create new router() - frmMain - 9 - Subscript out of range
2020/11/21 8:52:32 - cmd: ip http server server -- create new router() - frmMain - 9 - Subscript out of range
2020/11/21 8:52:32 - cmd: ip http server server -- create new router() - frmMain - 13 - Type mismatch
2020/11/21 8:52:32 - cmd: ip http server server -- create new router() - frmMain - 9 - Subscript out of range
2020/11/21 8:52:32 - cmd: ip http server server -- create new router() - frmMain - 9 - Subscript out of range
2020/11/21 8:52:32 - cmd: ip http server server -- create new router() - frmMain - 9 - Subscript out of range
2020/11/21 8:52:32 - cmd: ip http server server -- create new router() - frmMain - 9 - Subscript out of range
2020/11/21 8:52:32 - cmd: ip http server server -- create new router() - frmMain - 9 - Subscript out of range
2020/11/21 8:52:32 - cmd: ip http server server -- create new router() - frmMain - 9 - Subscript out of range
2020/11/21 8:52:32 - cmd: ip http server server -- create new router() - frmMain - 9 - Subscript out of range
2020/11/21 8:52:32 - cmd: ip http server server -- create new router() - frmMain - 9 - Subscript out of range
2020/11/21 8:52:32 - cmd: ip http server server -- create new router() - frmMain - 9 - Subscript out of range
2020/11/21 8:52:32 - cmd: ip http server server -- create new router() - frmMain - 9 - Subscript out of range
2020/11/21 8:52:32 - cmd: ip http server server -- create new router() - frmMain - 13 - Type mismatch
2020/11/21 8:52:32 - cmd: ip http server server -- create new router() - frmMain - 9 - Subscript out of range
2020/11/21 8:52:32 - cmd: ip http server server -- create new router() - frmMain - 9 - Subscript out of range
2020/11/21 8:52:32 - cmd: ip http server server -- create new router() - frmMain - 9 - Subscript out of range
2020/11/21 8:52:32 - cmd: ip http server server -- create new router() - frmMain - 9 - Subscript out of range
2020/11/21 8:52:32 - cmd: ip http server server -- create new router() - frmMain - 9 - Subscript out of range
2020/11/21 8:52:32 - cmd: ip http server server -- create new router() - frmMain - 9 - Subscript out of range
2020/11/21 8:52:32 - cmd: ip http server server -- create new router() - frmMain - 9 - Subscript out of range
2020/11/21 8:52:32 - cmd: ip http server server -- create new router() - frmMain - 9 - Subscript out of range
2020/11/21 8:52:32 - cmd: ip http server server -- create new router() - frmMain - 9 - Subscript out of range
2020/11/21 8:52:32 - cmd: ip http server server -- create new router() - frmMain - 9 - Subscript out of range
2020/11/21 8:52:32 - cmd: ip http server server -- create new router() - frmMain - 13 - Type mismatch
2020/11/21 8:52:32 - cmd: ip http server server -- create new router() - frmMain - 9 - Subscript out of range
2020/11/21 8:52:32 - cmd: ip http server server -- create new router() - frmMain - 9 - Subscript out of range
2020/11/21 8:52:32 - cmd: ip http server server -- create new router() - frmMain - 9 - Subscript out of range
2020/11/21 8:52:32 - cmd: ip http server server -- create new router() - frmMain - 9 - Subscript out of range
2020/11/21 8:52:32 - cmd: ip http server server -- create new router() - frmMain - 9 - Subscript out of range
2020/11/21 8:52:32 - cmd: ip http server server -- create new router() - frmMain - 9 - Subscript out of range
2020/11/21 8:52:32 - cmd: ip http server server -- create new router() - frmMain - 9 - Subscript out of range
2020/11/21 8:52:32 - cmd: ip http server server -- create new router() - frmMain - 9 - Subscript out of range
2020/11/21 8:52:32 - cmd: ip http server server -- create new router() - frmMain - 9 - Subscript out of range
2020/11/21 8:52:32 - cmd: ip http server server -- create new router() - frmMain - 9 - Subscript out of range
2020/11/21 8:52:32 - cmd: ip http server server -- create new router() - frmMain - 13 - Type mismatch
2020/11/21 8:52:32 - cmd: ip http server server -- create new router() - frmMain - 9 - Subscript out of range
2020/11/21 8:52:32 - cmd: ip http server server -- create new router() - frmMain - 9 - Subscript out of range
2020/11/21 8:52:32 - cmd: ip http server server -- create new router() - frmMain - 9 - Subscript out of range
2020/11/21 8:52:32 - cmd: ip http server server -- create new router() - frmMain - 9 - Subscript out of range
2020/11/21 8:52:33 - cmd: ip http server server -- create new router() - frmMain - 9 - Subscript out of range
2020/11/21 8:52:34 - cmd: ip http server server -- create new router() - frmMain - 9 - Subscript out of range
2020/11/21 8:52:34 - cmd: ip http server server -- create new router() - frmMain - 9 - Subscript out of range
2020/11/21 8:52:34 - cmd: ip http server server -- create new router() - frmMain - 9 - Subscript out of range
2020/11/21 8:52:34 - cmd: ip http server server -- create new router() - frmMain - 9 - Subscript out of range
2020/11/21 8:52:34 - cmd: ip http server server -- create new router() - frmMain - 9 - Subscript out of range
2020/11/21 8:52:34 - cmd: ip http server server -- create new router() - frmMain - 13 - Type mismatch
2020/11/21 8:52:34 - cmd: ip http server server -- create new router() - frmMain - 9 - Subscript out of range
2020/11/21 8:52:34 - cmd: ip http server server -- create new router() - frmMain - 9 - Subscript out of range
2020/11/21 8:52:34 - cmd: ip http server server -- create new router() - frmMain - 9 - Subscript out of range
2020/11/21 8:52:34 - cmd: ip http server server -- create new router() - frmMain - 9 - Subscript out of range
2020/11/21 8:52:34 - cmd: ip http server server -- create new router() - frmMain - 9 - Subscript out of range
2020/11/21 8:52:34 - cmd: ip http server server -- create new router() - frmMain - 9 - Subscript out of range
2020/11/21 8:52:34 - cmd: ip http server server -- create new Switch() - frmMain - 9 - Subscript out of range
2020/11/21 8:52:34 - cmd: ip http server server -- create new Switch() - frmMain - 9 - Subscript out of range
2020/11/21 8:52:34 - cmd: ip http server server -- create new Switch() - frmMain - 9 - Subscript out of range
2020/11/21 8:52:34 - cmd: ip http server server -- create new Switch() - frmMain - 9 - Subscript out of range
2020/11/21 8:52:34 - cmd: ip http server server -- create new Switch() - frmMain - 9 - Subscript out of range
2020/11/21 8:52:34 - cmd: ip http server server -- create new Switch() - frmMain - 9 - Subscript out of range
2020/11/21 8:52:34 - cmd: ip http server server -- create new Switch() - frmMain - 9 - Subscript out of range
2020/11/21 8:52:34 - cmd: ip http server server -- create new Switch() - frmMain - 9 - Subscript out of range
2020/11/21 8:52:34 - cmd: ip http server server -- create new Switch() - frmMain - 9 - Subscript out of range
2020/11/21 8:52:34 - cmd: ip http server server -- create new Switch() - frmMain - 9 - Subscript out of range
2020/11/21 8:52:34 - cmd: ip http server server -- create new Switch() - frmMain - 9 - Subscript out of range
2020/11/21 8:52:34 - cmd: ip http server server -- create new Switch() - frmMain - 9 - Subscript out of range
2020/11/21 8:52:34 - cmd: ip http server server -- create new Switch() - frmMain - 9 - Subscript out of range
2020/11/21 8:52:34 - cmd: ip http server server -- create new Switch() - frmMain - 9 - Subscript out of range
2020/11/21 8:52:34 - cmd: ip http server server -- create new Switch() - frmMain - 9 - Subscript out of range
2020/11/21 8:52:34 - cmd: ip http server server -- create new Switch() - frmMain - 9 - Subscript out of range
2020/11/21 8:52:34 - cmd: ip http server server -- create new Switch() - frmMain - 9 - Subscript out of range
2020/11/21 8:52:34 - cmd: ip http server server -- create new Switch() - frmMain - 9 - Subscript out of range
2020/11/21 8:52:34 - cmd: ip http server server -- create new Switch() - frmMain - 9 - Subscript out of range
2020/11/21 8:52:34 - cmd: ip http server server -- create new Switch() - frmMain - 9 - Subscript out of range
2020/11/21 8:52:34 - cmd: ip http server server -- create new pc() - frmMain - 9 - Subscript out of range
2020/11/21 8:52:34 - cmd: ip http server server -- create new pc() - frmMain - 9 - Subscript out of range
2020/11/21 8:52:34 - cmd: ip http server server -- create new pc() - frmMain - 9 - Subscript out of range
2020/11/21 8:52:34 - cmd: ip http server server -- create new pc() - frmMain - 9 - Subscript out of range
2020/11/21 8:52:34 - cmd: ip http server server -- create new pc() - frmMain - 9 - Subscript out of range
2020/11/21 8:52:34 - cmd: ip http server server -- create new pc() - frmMain - 9 - Subscript out of range
2020/11/21 8:52:34 - cmd: ip http server server -- create new pc() - frmMain - 9 - Subscript out of range
2020/11/21 8:52:34 - cmd: ip http server server -- load frmMain() - frmMain - 91 - Object variable or With block variable not set
2020/11/21 8:52:36 - cmd: ip http server server -- load frmMain() - frmMain - 91 - Object variable or With block variable not set
2020/11/21 8:52:36 - cmd: ip http server server -- load frmMain() - frmMain - 91 - Object variable or With block variable not set
2020/11/21 8:52:36 - cmd: ip http server server -- load frmMain() - frmMain - 91 - Object variable or With block variable not set
2020/11/21 8:52:36 - cmd: ip http server server -- load frmMain() - frmMain - 91 - Object variable or With block variable not set
2020/11/21 8:52:36 - cmd: ip http server server -- load frmMain() - frmMain - 91 - Object variable or With block variable not set
2020/11/21 8:52:36 - cmd: ip http server server -- load frmMain() - frmMain - 91 - Object variable or With block variable not set
2020/11/21 8:52:36 - cmd: ip http server server -- load frmMain() - frmMain - 91 - Object variable or With block variable not set
2020/11/21 8:52:36 - cmd: ip http server server -- load frmMain() - frmMain - 91 - Object variable or With block variable not set
2020/11/21 8:52:36 - cmd: ip http server server -- load frmMain() - frmMain - 91 - Object variable or With block variable not set
2020/11/21 8:52:36 - cmd: ip http server server -- load frmMain() - frmMain - 91 - Object variable or With block variable not set
2020/11/21 8:52:36 - cmd: ip http server server -- load frmMain() - frmMain - 91 - Object variable or With block variable not set
2020/11/21 8:52:36 - cmd: ip http server server -- load frmMain() - frmMain - 91 - Object variable or With block variable not set
2020/11/21 8:52:36 - cmd: ip http server server -- load frmMain() - frmMain - 91 - Object variable or With block variable not set
2020/11/21 8:52:36 - cmd: ip http server server -- load frmMain() - frmMain - 91 - Object variable or With block variable not set
2020/11/21 8:52:36 - cmd: ip http server server -- load frmMain() - frmMain - 91 - Object variable or With block variable not set
2020/11/21 8:52:36 - cmd: ip http server server -- load frmMain() - frmMain - 91 - Object variable or With block variable not set
2020/11/21 8:52:36 - cmd: ip http server server -- load frmMain() - frmMain - 91 - Object variable or With block variable not set
2020/11/21 8:52:36 - cmd: ip http server server -- load frmMain() - frmMain - 91 - Object variable or With block variable not set
2020/11/21 8:52:36 - cmd: ip http server server -- load frmMain() - frmMain - 91 - Object variable or With block variable not set
2020/11/21 8:52:36 - cmd: ip http server server -- load frmMain() - frmMain - 91 - Object variable or With block variable not set
2020/11/21 8:52:36 - cmd: ip http server server -- load frmMain() - frmMain - 91 - Object variable or With block variable not set
2020/11/21 8:52:36 - cmd: ip http server server -- load frmMain() - frmMain - 91 - Object variable or With block variable not set
2020/11/21 8:52:36 - cmd: ip http server server -- load frmMain() - frmMain - 91 - Object variable or With block variable not set
2020/11/21 8:52:36 - cmd: ip http server server -- load frmMain() - frmMain - 91 - Object variable or With block variable not set
2020/11/21 8:52:36 - cmd: ip http server server -- load frmMain() - frmMain - 91 - Object variable or With block variable not set
2020/11/21 8:52:36 - cmd: ip http server server -- load frmMain() - frmMain - 91 - Object variable or With block variable not set
2020/11/21 8:52:36 - cmd: ip http server server -- load frmMain() - frmMain - 91 - Object variable or With block variable not set
2020/11/21 8:52:36 - cmd: ip http server server -- load frmMain() - frmMain - 91 - Object variable or With block variable not set
2020/11/21 8:52:36 - cmd: ip http server server -- load frmMain() - frmMain - 91 - Object variable or With block variable not set
2020/11/21 8:52:36 - cmd: ip http server server -- load frmMain() - frmMain - 91 - Object variable or With block variable not set
2020/11/21 8:52:36 - cmd: ip http server server -- load frmMain() - frmMain - 91 - Object variable or With block variable not set
2020/11/21 8:52:37 - cmd: end    -- load network multi-device config() - frmMain - 91 - Object variable or With block variable not set
2020/11/21 8:52:37 - cmd: end    -- load network multi-device config() - frmMain - 91 - Object variable or With block variable not set
2020/11/21 8:52:37 - cmd: end    -- load network multi-device config() - frmMain - 91 - Object variable or With block variable not set
2020/11/21 8:52:37 - cmd: end    -- load network multi-device config() - frmMain - 91 - Object variable or With block variable not set
2020/11/21 8:52:37 - cmd: end    -- load network multi-device config() - frmMain - 91 - Object variable or With block variable not set
2020/11/21 8:52:37 - cmd: end    -- load network multi-device config() - frmMain - 91 - Object variable or With block variable not set
2020/11/21 8:52:37 - cmd: end    -- load network multi-device config() - frmMain - 91 - Object variable or With block variable not set
2020/11/21 8:52:37 - cmd: end    -- load network multi-device config() - frmMain - 91 - Object variable or With block variable not set
2020/11/21 8:52:37 - cmd: end    -- load network multi-device config() - frmMain - 91 - Object variable or With block variable not set
2020/11/21 8:52:37 - cmd: end    -- load network multi-device config() - frmMain - 91 - Object variable or With block variable not set
2020/11/21 8:52:37 - cmd: end    -- load network multi-device config() - frmMain - 91 - Object variable or With block variable not set
2020/11/21 8:52:37 - cmd: end    -- load network multi-device config() - frmMain - 91 - Object variable or With block variable not set
2020/11/21 8:52:37 - cmd: end    -- load network multi-device config() - frmMain - 91 - Object variable or With block variable not set
2020/11/21 8:52:37 - cmd: end    -- load network multi-device config() - frmMain - 91 - Object variable or With block variable not set
2020/11/21 8:52:37 - cmd: end    -- load network multi-device config() - frmMain - 91 - Object variable or With block variable not set
2020/11/21 8:52:37 - cmd: end    -- load network multi-device config() - frmMain - 91 - Object variable or With block variable not set
2020/11/21 8:52:37 - cmd: end    -- load network multi-device config() - frmMain - 91 - Object variable or With block variable not set
2020/11/21 8:52:37 - cmd: end    -- load network multi-device config() - frmMain - 91 - Object variable or With block variable not set
2020/11/21 8:52:38 - cmd: end    -- Load Router Config() - frmDocument - 52 - Bad file name or number
2020/11/21 8:52:38 - cmd: end    -- Load Router Config() - frmDocument - 52 - Bad file name or number
2020/11/21 8:52:38 - cmd: ip classless   -- Load Router Config() - frmDocument - 52 - Bad file name or number
2020/11/21 8:52:38 - cmd: ip classless   -- Load Router Config() - frmDocument - 52 - Bad file name or number
2020/11/21 8:52:38 - cmd: ip classless   -- Load Router Config() - frmDocument - 52 - Bad file name or number
2020/11/21 8:52:38 - cmd: ip classless   -- Load Router Config() - frmDocument - 52 - Bad file name or number
2020/11/21 8:52:38 - cmd: ip classless   -- Load Router Config() - frmDocument - 52 - Bad file name or number
2020/11/21 8:52:38 - cmd: ip classless   -- Load Router Config() - frmDocument - 52 - Bad file name or number
2020/11/21 8:52:38 - cmd: ip classless   -- Load Router Config() - frmDocument - 52 - Bad file name or number
2020/11/21 8:52:38 - cmd: ip classless   -- Load Router Config() - frmDocument - 52 - Bad file name or number
2020/11/21 8:52:38 - cmd: ip classless   -- Load Router Config() - frmDocument - 52 - Bad file name or number
2020/11/21 8:52:38 - cmd: ip classless   -- Load Router Config() - frmDocument - 52 - Bad file name or number
2020/11/21 8:52:38 - cmd: ip classless   -- Load Router Config() - frmDocument - 52 - Bad file name or number
2020/11/21 8:52:38 - cmd: ip classless   -- Load Router Config() - frmDocument - 52 - Bad file name or number
2020/11/21 8:54:22 - cmd: shutdown    -- create new router() - frmMain - 9 - Subscript out of range
2020/11/21 8:54:22 - cmd: shutdown    -- create new router() - frmMain - 9 - Subscript out of range
2020/11/21 8:54:22 - cmd: shutdown    -- create new router() - frmMain - 9 - Subscript out of range
2020/11/21 8:54:22 - cmd: shutdown    -- create new router() - frmMain - 9 - Subscript out of range
2020/11/21 8:54:22 - cmd: shutdown    -- create new router() - frmMain - 13 - Type mismatch
2020/11/21 8:54:22 - cmd: shutdown    -- create new router() - frmMain - 9 - Subscript out of range
2020/11/21 8:54:22 - cmd: shutdown    -- create new router() - frmMain - 9 - Subscript out of range
2020/11/21 8:54:22 - cmd: shutdown    -- create new router() - frmMain - 9 - Subscript out of range
2020/11/21 8:54:22 - cmd: shutdown    -- create new router() - frmMain - 9 - Subscript out of range
2020/11/21 8:54:22 - cmd: shutdown    -- create new router() - frmMain - 9 - Subscript out of range
2020/11/21 8:54:22 - cmd: shutdown    -- create new router() - frmMain - 9 - Subscript out of range
2020/11/21 8:54:22 - cmd: shutdown    -- create new router() - frmMain - 9 - Subscript out of range
2020/11/21 8:54:22 - cmd: shutdown    -- create new router() - frmMain - 9 - Subscript out of range
2020/11/21 8:54:22 - cmd: shutdown    -- create new router() - frmMain - 9 - Subscript out of range
2020/11/21 8:54:22 - cmd: shutdown    -- create new router() - frmMain - 9 - Subscript out of range
2020/11/21 8:54:22 - cmd: shutdown    -- create new router() - frmMain - 13 - Type mismatch
2020/11/21 8:54:22 - cmd: shutdown    -- create new router() - frmMain - 9 - Subscript out of range
2020/11/21 8:54:22 - cmd: shutdown    -- create new router() - frmMain - 9 - Subscript out of range
2020/11/21 8:54:22 - cmd: shutdown    -- create new router() - frmMain - 9 - Subscript out of range
2020/11/21 8:54:22 - cmd: shutdown    -- create new router() - frmMain - 9 - Subscript out of range
2020/11/21 8:54:22 - cmd: shutdown    -- create new router() - frmMain - 9 - Subscript out of range
2020/11/21 8:54:22 - cmd: shutdown    -- create new router() - frmMain - 9 - Subscript out of range
2020/11/21 8:54:22 - cmd: shutdown    -- create new router() - frmMain - 9 - Subscript out of range
2020/11/21 8:54:22 - cmd: shutdown    -- create new router() - frmMain - 9 - Subscript out of range
2020/11/21 8:54:22 - cmd: shutdown    -- create new router() - frmMain - 9 - Subscript out of range
2020/11/21 8:54:22 - cmd: shutdown    -- create new router() - frmMain - 9 - Subscript out of range
2020/11/21 8:54:22 - cmd: shutdown    -- create new router() - frmMain - 13 - Type mismatch
2020/11/21 8:54:22 - cmd: shutdown    -- create new router() - frmMain - 9 - Subscript out of range
2020/11/21 8:54:22 - cmd: shutdown    -- create new router() - frmMain - 9 - Subscript out of range
2020/11/21 8:54:22 - cmd: shutdown    -- create new router() - frmMain - 9 - Subscript out of range
2020/11/21 8:54:22 - cmd: shutdown    -- create new router() - frmMain - 9 - Subscript out of range
2020/11/21 8:54:22 - cmd: shutdown    -- create new router() - frmMain - 9 - Subscript out of range
2020/11/21 8:54:22 - cmd: shutdown    -- create new router() - frmMain - 9 - Subscript out of range
2020/11/21 8:54:22 - cmd: shutdown    -- create new router() - frmMain - 9 - Subscript out of range
2020/11/21 8:54:22 - cmd: shutdown    -- create new router() - frmMain - 9 - Subscript out of range
2020/11/21 8:54:22 - cmd: shutdown    -- create new router() - frmMain - 9 - Subscript out of range
2020/11/21 8:54:22 - cmd: shutdown    -- create new router() - frmMain - 9 - Subscript out of range
2020/11/21 8:54:22 - cmd: shutdown    -- create new router() - frmMain - 13 - Type mismatch
2020/11/21 8:54:22 - cmd: shutdown    -- create new router() - frmMain - 9 - Subscript out of range
2020/11/21 8:54:22 - cmd: shutdown    -- create new router() - frmMain - 9 - Subscript out of range
2020/11/21 8:54:22 - cmd: shutdown    -- create new router() - frmMain - 9 - Subscript out of range
2020/11/21 8:54:22 - cmd: shutdown    -- create new router() - frmMain - 9 - Subscript out of range
2020/11/21 8:54:22 - cmd: shutdown    -- create new router() - frmMain - 9 - Subscript out of range
2020/11/21 8:54:22 - cmd: shutdown    -- create new router() - frmMain - 9 - Subscript out of range
2020/11/21 8:54:22 - cmd: shutdown    -- create new router() - frmMain - 9 - Subscript out of range
2020/11/21 8:54:22 - cmd: shutdown    -- create new router() - frmMain - 9 - Subscript out of range
2020/11/21 8:54:22 - cmd: shutdown    -- create new router() - frmMain - 9 - Subscript out of range
2020/11/21 8:54:22 - cmd: shutdown    -- create new router() - frmMain - 9 - Subscript out of range
2020/11/21 8:54:22 - cmd: shutdown    -- create new router() - frmMain - 13 - Type mismatch
2020/11/21 8:54:22 - cmd: shutdown    -- create new router() - frmMain - 9 - Subscript out of range
2020/11/21 8:54:22 - cmd: shutdown    -- create new router() - frmMain - 9 - Subscript out of range
2020/11/21 8:54:22 - cmd: shutdown    -- create new router() - frmMain - 9 - Subscript out of range
2020/11/21 8:54:22 - cmd: shutdown    -- create new router() - frmMain - 9 - Subscript out of range
2020/11/21 8:54:22 - cmd: shutdown    -- create new router() - frmMain - 9 - Subscript out of range
2020/11/21 8:54:22 - cmd: shutdown    -- create new router() - frmMain - 9 - Subscript out of range
2020/11/21 8:54:22 - cmd: shutdown    -- create new Switch() - frmMain - 9 - Subscript out of range
2020/11/21 8:54:22 - cmd: shutdown    -- create new Switch() - frmMain - 9 - Subscript out of range
2020/11/21 8:54:22 - cmd: shutdown    -- create new Switch() - frmMain - 9 - Subscript out of range
2020/11/21 8:54:22 - cmd: shutdown    -- create new Switch() - frmMain - 9 - Subscript out of range
2020/11/21 8:54:22 - cmd: shutdown    -- create new Switch() - frmMain - 9 - Subscript out of range
2020/11/21 8:54:22 - cmd: shutdown    -- create new Switch() - frmMain - 9 - Subscript out of range
2020/11/21 8:54:22 - cmd: shutdown    -- create new Switch() - frmMain - 9 - Subscript out of range
2020/11/21 8:54:22 - cmd: shutdown    -- create new Switch() - frmMain - 9 - Subscript out of range
2020/11/21 8:54:22 - cmd: shutdown    -- create new Switch() - frmMain - 9 - Subscript out of range
2020/11/21 8:54:22 - cmd: shutdown    -- create new Switch() - frmMain - 9 - Subscript out of range
2020/11/21 8:54:22 - cmd: shutdown    -- create new Switch() - frmMain - 9 - Subscript out of range
2020/11/21 8:54:22 - cmd: shutdown    -- create new Switch() - frmMain - 9 - Subscript out of range
2020/11/21 8:54:22 - cmd: shutdown    -- create new Switch() - frmMain - 9 - Subscript out of range
2020/11/21 8:54:22 - cmd: shutdown    -- create new Switch() - frmMain - 9 - Subscript out of range
2020/11/21 8:54:22 - cmd: shutdown    -- create new Switch() - frmMain - 9 - Subscript out of range
2020/11/21 8:54:22 - cmd: shutdown    -- create new Switch() - frmMain - 9 - Subscript out of range
2020/11/21 8:54:22 - cmd: shutdown    -- create new Switch() - frmMain - 9 - Subscript out of range
2020/11/21 8:54:22 - cmd: shutdown    -- create new Switch() - frmMain - 9 - Subscript out of range
2020/11/21 8:54:22 - cmd: shutdown    -- create new Switch() - frmMain - 9 - Subscript out of range
2020/11/21 8:54:22 - cmd: shutdown    -- create new Switch() - frmMain - 9 - Subscript out of range
2020/11/21 8:54:22 - cmd: shutdown    -- create new pc() - frmMain - 9 - Subscript out of range
2020/11/21 8:54:22 - cmd: shutdown    -- create new pc() - frmMain - 9 - Subscript out of range
2020/11/21 8:54:22 - cmd: shutdown    -- create new pc() - frmMain - 9 - Subscript out of range
2020/11/21 8:54:22 - cmd: shutdown    -- create new pc() - frmMain - 9 - Subscript out of range
2020/11/21 8:54:22 - cmd: shutdown    -- create new pc() - frmMain - 9 - Subscript out of range
2020/11/21 8:54:22 - cmd: shutdown    -- create new pc() - frmMain - 9 - Subscript out of range
2020/11/21 8:54:22 - cmd: shutdown    -- create new pc() - frmMain - 9 - Subscript out of range
2020/11/21 8:54:22 - cmd: shutdown    -- load frmMain() - frmMain - 91 - Object variable or With block variable not set
2020/11/21 8:54:23 - cmd: shutdown    -- load frmMain() - frmMain - 91 - Object variable or With block variable not set
2020/11/21 8:54:23 - cmd: shutdown    -- load frmMain() - frmMain - 91 - Object variable or With block variable not set
2020/11/21 8:54:23 - cmd: shutdown    -- load frmMain() - frmMain - 91 - Object variable or With block variable not set
2020/11/21 8:54:23 - cmd: shutdown    -- load frmMain() - frmMain - 91 - Object variable or With block variable not set
2020/11/21 8:54:23 - cmd: shutdown    -- load frmMain() - frmMain - 91 - Object variable or With block variable not set
2020/11/21 8:54:23 - cmd: shutdown    -- load frmMain() - frmMain - 91 - Object variable or With block variable not set
2020/11/21 8:54:23 - cmd: shutdown    -- load frmMain() - frmMain - 91 - Object variable or With block variable not set
2020/11/21 8:54:23 - cmd: shutdown    -- load frmMain() - frmMain - 91 - Object variable or With block variable not set
2020/11/21 8:54:23 - cmd: shutdown    -- load frmMain() - frmMain - 91 - Object variable or With block variable not set
2020/11/21 8:54:23 - cmd: shutdown    -- load frmMain() - frmMain - 91 - Object variable or With block variable not set
2020/11/21 8:54:23 - cmd: shutdown    -- load frmMain() - frmMain - 91 - Object variable or With block variable not set
2020/11/21 8:54:23 - cmd: shutdown    -- load frmMain() - frmMain - 91 - Object variable or With block variable not set
2020/11/21 8:54:23 - cmd: shutdown    -- load frmMain() - frmMain - 91 - Object variable or With block variable not set
2020/11/21 8:54:23 - cmd: shutdown    -- load frmMain() - frmMain - 91 - Object variable or With block variable not set
2020/11/21 8:54:23 - cmd: shutdown    -- load frmMain() - frmMain - 91 - Object variable or With block variable not set
2020/11/21 8:54:23 - cmd: shutdown    -- load frmMain() - frmMain - 91 - Object variable or With block variable not set
2020/11/21 8:54:23 - cmd: shutdown    -- load frmMain() - frmMain - 91 - Object variable or With block variable not set
2020/11/21 8:54:23 - cmd: shutdown    -- load frmMain() - frmMain - 91 - Object variable or With block variable not set
2020/11/21 8:54:23 - cmd: shutdown    -- load frmMain() - frmMain - 91 - Object variable or With block variable not set
2020/11/21 8:54:23 - cmd: shutdown    -- load frmMain() - frmMain - 91 - Object variable or With block variable not set
2020/11/21 8:54:23 - cmd: shutdown    -- load frmMain() - frmMain - 91 - Object variable or With block variable not set
2020/11/21 8:54:23 - cmd: shutdown    -- load frmMain() - frmMain - 91 - Object variable or With block variable not set
2020/11/21 8:54:23 - cmd: shutdown    -- load frmMain() - frmMain - 91 - Object variable or With block variable not set
2020/11/21 8:54:23 - cmd: shutdown    -- load frmMain() - frmMain - 91 - Object variable or With block variable not set
2020/11/21 8:54:23 - cmd: shutdown    -- load frmMain() - frmMain - 91 - Object variable or With block variable not set
2020/11/21 8:54:23 - cmd: shutdown    -- load frmMain() - frmMain - 91 - Object variable or With block variable not set
2020/11/21 8:54:23 - cmd: shutdown    -- load frmMain() - frmMain - 91 - Object variable or With block variable not set
2020/11/21 8:54:23 - cmd: shutdown    -- load frmMain() - frmMain - 91 - Object variable or With block variable not set
2020/11/21 8:54:23 - cmd: shutdown    -- load frmMain() - frmMain - 91 - Object variable or With block variable not set
2020/11/21 8:54:23 - cmd: shutdown    -- load frmMain() - frmMain - 91 - Object variable or With block variable not set
2020/11/21 8:54:23 - cmd: shutdown    -- load frmMain() - frmMain - 91 - Object variable or With block variable not set
2020/11/21 8:54:24 - cmd: end    -- load network multi-device config() - frmMain - 91 - Object variable or With block variable not set
2020/11/21 8:54:24 - cmd: end    -- load network multi-device config() - frmMain - 91 - Object variable or With block variable not set
2020/11/21 8:54:24 - cmd: end    -- load network multi-device config() - frmMain - 91 - Object variable or With block variable not set
2020/11/21 8:54:24 - cmd: end    -- load network multi-device config() - frmMain - 91 - Object variable or With block variable not set
2020/11/21 8:54:24 - cmd: end    -- load network multi-device config() - frmMain - 91 - Object variable or With block variable not set
2020/11/21 8:54:24 - cmd: end    -- load network multi-device config() - frmMain - 91 - Object variable or With block variable not set
2020/11/21 8:54:24 - cmd: end    -- load network multi-device config() - frmMain - 91 - Object variable or With block variable not set
2020/11/21 8:54:24 - cmd: end    -- load network multi-device config() - frmMain - 91 - Object variable or With block variable not set
2020/11/21 8:54:24 - cmd: end    -- load network multi-device config() - frmMain - 91 - Object variable or With block variable not set
2020/11/21 8:54:24 - cmd: end    -- load network multi-device config() - frmMain - 91 - Object variable or With block variable not set
2020/11/21 8:54:24 - cmd: end    -- load network multi-device config() - frmMain - 91 - Object variable or With block variable not set
2020/11/21 8:54:24 - cmd: end    -- load network multi-device config() - frmMain - 91 - Object variable or With block variable not set
2020/11/21 8:54:24 - cmd: end    -- load network multi-device config() - frmMain - 91 - Object variable or With block variable not set
2020/11/21 8:54:24 - cmd: end    -- load network multi-device config() - frmMain - 91 - Object variable or With block variable not set
2020/11/21 8:54:24 - cmd: end    -- load network multi-device config() - frmMain - 91 - Object variable or With block variable not set
2020/11/21 8:54:24 - cmd: end    -- load network multi-device config() - frmMain - 91 - Object variable or With block variable not set
2020/11/21 8:54:24 - cmd: end    -- load network multi-device config() - frmMain - 91 - Object variable or With block variable not set
2020/11/21 8:54:24 - cmd: end    -- load network multi-device config() - frmMain - 91 - Object variable or With block variable not set
