


ARM Macro Assembler    Page 1 


    1 00000000                 AREA             RESET,CODE,READONLY
    2 00000000         ENTRY
    3 00000000                 GBLA             flag
    4 00000000 00000001 
                       flag    SETA             1
    5 00000000 F04F 0000       MOV              R0, #0
    6 00000004                 WHILE            flag<101
    7 00000004 F04F 0101       MOV              R1, #flag
    8 00000008 4408            ADD              R0, R1
    9 0000000A 00000002 
                       flag    SETA             flag+1
   10 0000000A                 WEND
    6 0000000A                 WHILE            flag<101
    7 0000000A F04F 0102       MOV              R1, #flag
    8 0000000E 4408            ADD              R0, R1
    9 00000010 00000003 
                       flag    SETA             flag+1
   10 00000010                 WEND
    6 00000010                 WHILE            flag<101
    7 00000010 F04F 0103       MOV              R1, #flag
    8 00000014 4408            ADD              R0, R1
    9 00000016 00000004 
                       flag    SETA             flag+1
   10 00000016                 WEND
    6 00000016                 WHILE            flag<101
    7 00000016 F04F 0104       MOV              R1, #flag
    8 0000001A 4408            ADD              R0, R1
    9 0000001C 00000005 
                       flag    SETA             flag+1
   10 0000001C                 WEND
    6 0000001C                 WHILE            flag<101
    7 0000001C F04F 0105       MOV              R1, #flag
    8 00000020 4408            ADD              R0, R1
    9 00000022 00000006 
                       flag    SETA             flag+1
   10 00000022                 WEND
    6 00000022                 WHILE            flag<101
    7 00000022 F04F 0106       MOV              R1, #flag
    8 00000026 4408            ADD              R0, R1
    9 00000028 00000007 
                       flag    SETA             flag+1
   10 00000028                 WEND
    6 00000028                 WHILE            flag<101
    7 00000028 F04F 0107       MOV              R1, #flag
    8 0000002C 4408            ADD              R0, R1
    9 0000002E 00000008 
                       flag    SETA             flag+1
   10 0000002E                 WEND
    6 0000002E                 WHILE            flag<101
    7 0000002E F04F 0108       MOV              R1, #flag
    8 00000032 4408            ADD              R0, R1
    9 00000034 00000009 
                       flag    SETA             flag+1
   10 00000034                 WEND
    6 00000034                 WHILE            flag<101
    7 00000034 F04F 0109       MOV              R1, #flag
    8 00000038 4408            ADD              R0, R1
    9 0000003A 0000000A 
                       flag    SETA             flag+1



ARM Macro Assembler    Page 2 


   10 0000003A                 WEND
    6 0000003A                 WHILE            flag<101
    7 0000003A F04F 010A       MOV              R1, #flag
    8 0000003E 4408            ADD              R0, R1
    9 00000040 0000000B 
                       flag    SETA             flag+1
   10 00000040                 WEND
    6 00000040                 WHILE            flag<101
    7 00000040 F04F 010B       MOV              R1, #flag
    8 00000044 4408            ADD              R0, R1
    9 00000046 0000000C 
                       flag    SETA             flag+1
   10 00000046                 WEND
    6 00000046                 WHILE            flag<101
    7 00000046 F04F 010C       MOV              R1, #flag
    8 0000004A 4408            ADD              R0, R1
    9 0000004C 0000000D 
                       flag    SETA             flag+1
   10 0000004C                 WEND
    6 0000004C                 WHILE            flag<101
    7 0000004C F04F 010D       MOV              R1, #flag
    8 00000050 4408            ADD              R0, R1
    9 00000052 0000000E 
                       flag    SETA             flag+1
   10 00000052                 WEND
    6 00000052                 WHILE            flag<101
    7 00000052 F04F 010E       MOV              R1, #flag
    8 00000056 4408            ADD              R0, R1
    9 00000058 0000000F 
                       flag    SETA             flag+1
   10 00000058                 WEND
    6 00000058                 WHILE            flag<101
    7 00000058 F04F 010F       MOV              R1, #flag
    8 0000005C 4408            ADD              R0, R1
    9 0000005E 00000010 
                       flag    SETA             flag+1
   10 0000005E                 WEND
    6 0000005E                 WHILE            flag<101
    7 0000005E F04F 0110       MOV              R1, #flag
    8 00000062 4408            ADD              R0, R1
    9 00000064 00000011 
                       flag    SETA             flag+1
   10 00000064                 WEND
    6 00000064                 WHILE            flag<101
    7 00000064 F04F 0111       MOV              R1, #flag
    8 00000068 4408            ADD              R0, R1
    9 0000006A 00000012 
                       flag    SETA             flag+1
   10 0000006A                 WEND
    6 0000006A                 WHILE            flag<101
    7 0000006A F04F 0112       MOV              R1, #flag
    8 0000006E 4408            ADD              R0, R1
    9 00000070 00000013 
                       flag    SETA             flag+1
   10 00000070                 WEND
    6 00000070                 WHILE            flag<101
    7 00000070 F04F 0113       MOV              R1, #flag
    8 00000074 4408            ADD              R0, R1
    9 00000076 00000014 



ARM Macro Assembler    Page 3 


                       flag    SETA             flag+1
   10 00000076                 WEND
    6 00000076                 WHILE            flag<101
    7 00000076 F04F 0114       MOV              R1, #flag
    8 0000007A 4408            ADD              R0, R1
    9 0000007C 00000015 
                       flag    SETA             flag+1
   10 0000007C                 WEND
    6 0000007C                 WHILE            flag<101
    7 0000007C F04F 0115       MOV              R1, #flag
    8 00000080 4408            ADD              R0, R1
    9 00000082 00000016 
                       flag    SETA             flag+1
   10 00000082                 WEND
    6 00000082                 WHILE            flag<101
    7 00000082 F04F 0116       MOV              R1, #flag
    8 00000086 4408            ADD              R0, R1
    9 00000088 00000017 
                       flag    SETA             flag+1
   10 00000088                 WEND
    6 00000088                 WHILE            flag<101
    7 00000088 F04F 0117       MOV              R1, #flag
    8 0000008C 4408            ADD              R0, R1
    9 0000008E 00000018 
                       flag    SETA             flag+1
   10 0000008E                 WEND
    6 0000008E                 WHILE            flag<101
    7 0000008E F04F 0118       MOV              R1, #flag
    8 00000092 4408            ADD              R0, R1
    9 00000094 00000019 
                       flag    SETA             flag+1
   10 00000094                 WEND
    6 00000094                 WHILE            flag<101
    7 00000094 F04F 0119       MOV              R1, #flag
    8 00000098 4408            ADD              R0, R1
    9 0000009A 0000001A 
                       flag    SETA             flag+1
   10 0000009A                 WEND
    6 0000009A                 WHILE            flag<101
    7 0000009A F04F 011A       MOV              R1, #flag
    8 0000009E 4408            ADD              R0, R1
    9 000000A0 0000001B 
                       flag    SETA             flag+1
   10 000000A0                 WEND
    6 000000A0                 WHILE            flag<101
    7 000000A0 F04F 011B       MOV              R1, #flag
    8 000000A4 4408            ADD              R0, R1
    9 000000A6 0000001C 
                       flag    SETA             flag+1
   10 000000A6                 WEND
    6 000000A6                 WHILE            flag<101
    7 000000A6 F04F 011C       MOV              R1, #flag
    8 000000AA 4408            ADD              R0, R1
    9 000000AC 0000001D 
                       flag    SETA             flag+1
   10 000000AC                 WEND
    6 000000AC                 WHILE            flag<101
    7 000000AC F04F 011D       MOV              R1, #flag
    8 000000B0 4408            ADD              R0, R1



ARM Macro Assembler    Page 4 


    9 000000B2 0000001E 
                       flag    SETA             flag+1
   10 000000B2                 WEND
    6 000000B2                 WHILE            flag<101
    7 000000B2 F04F 011E       MOV              R1, #flag
    8 000000B6 4408            ADD              R0, R1
    9 000000B8 0000001F 
                       flag    SETA             flag+1
   10 000000B8                 WEND
    6 000000B8                 WHILE            flag<101
    7 000000B8 F04F 011F       MOV              R1, #flag
    8 000000BC 4408            ADD              R0, R1
    9 000000BE 00000020 
                       flag    SETA             flag+1
   10 000000BE                 WEND
    6 000000BE                 WHILE            flag<101
    7 000000BE F04F 0120       MOV              R1, #flag
    8 000000C2 4408            ADD              R0, R1
    9 000000C4 00000021 
                       flag    SETA             flag+1
   10 000000C4                 WEND
    6 000000C4                 WHILE            flag<101
    7 000000C4 F04F 0121       MOV              R1, #flag
    8 000000C8 4408            ADD              R0, R1
    9 000000CA 00000022 
                       flag    SETA             flag+1
   10 000000CA                 WEND
    6 000000CA                 WHILE            flag<101
    7 000000CA F04F 0122       MOV              R1, #flag
    8 000000CE 4408            ADD              R0, R1
    9 000000D0 00000023 
                       flag    SETA             flag+1
   10 000000D0                 WEND
    6 000000D0                 WHILE            flag<101
    7 000000D0 F04F 0123       MOV              R1, #flag
    8 000000D4 4408            ADD              R0, R1
    9 000000D6 00000024 
                       flag    SETA             flag+1
   10 000000D6                 WEND
    6 000000D6                 WHILE            flag<101
    7 000000D6 F04F 0124       MOV              R1, #flag
    8 000000DA 4408            ADD              R0, R1
    9 000000DC 00000025 
                       flag    SETA             flag+1
   10 000000DC                 WEND
    6 000000DC                 WHILE            flag<101
    7 000000DC F04F 0125       MOV              R1, #flag
    8 000000E0 4408            ADD              R0, R1
    9 000000E2 00000026 
                       flag    SETA             flag+1
   10 000000E2                 WEND
    6 000000E2                 WHILE            flag<101
    7 000000E2 F04F 0126       MOV              R1, #flag
    8 000000E6 4408            ADD              R0, R1
    9 000000E8 00000027 
                       flag    SETA             flag+1
   10 000000E8                 WEND
    6 000000E8                 WHILE            flag<101
    7 000000E8 F04F 0127       MOV              R1, #flag



ARM Macro Assembler    Page 5 


    8 000000EC 4408            ADD              R0, R1
    9 000000EE 00000028 
                       flag    SETA             flag+1
   10 000000EE                 WEND
    6 000000EE                 WHILE            flag<101
    7 000000EE F04F 0128       MOV              R1, #flag
    8 000000F2 4408            ADD              R0, R1
    9 000000F4 00000029 
                       flag    SETA             flag+1
   10 000000F4                 WEND
    6 000000F4                 WHILE            flag<101
    7 000000F4 F04F 0129       MOV              R1, #flag
    8 000000F8 4408            ADD              R0, R1
    9 000000FA 0000002A 
                       flag    SETA             flag+1
   10 000000FA                 WEND
    6 000000FA                 WHILE            flag<101
    7 000000FA F04F 012A       MOV              R1, #flag
    8 000000FE 4408            ADD              R0, R1
    9 00000100 0000002B 
                       flag    SETA             flag+1
   10 00000100                 WEND
    6 00000100                 WHILE            flag<101
    7 00000100 F04F 012B       MOV              R1, #flag
    8 00000104 4408            ADD              R0, R1
    9 00000106 0000002C 
                       flag    SETA             flag+1
   10 00000106                 WEND
    6 00000106                 WHILE            flag<101
    7 00000106 F04F 012C       MOV              R1, #flag
    8 0000010A 4408            ADD              R0, R1
    9 0000010C 0000002D 
                       flag    SETA             flag+1
   10 0000010C                 WEND
    6 0000010C                 WHILE            flag<101
    7 0000010C F04F 012D       MOV              R1, #flag
    8 00000110 4408            ADD              R0, R1
    9 00000112 0000002E 
                       flag    SETA             flag+1
   10 00000112                 WEND
    6 00000112                 WHILE            flag<101
    7 00000112 F04F 012E       MOV              R1, #flag
    8 00000116 4408            ADD              R0, R1
    9 00000118 0000002F 
                       flag    SETA             flag+1
   10 00000118                 WEND
    6 00000118                 WHILE            flag<101
    7 00000118 F04F 012F       MOV              R1, #flag
    8 0000011C 4408            ADD              R0, R1
    9 0000011E 00000030 
                       flag    SETA             flag+1
   10 0000011E                 WEND
    6 0000011E                 WHILE            flag<101
    7 0000011E F04F 0130       MOV              R1, #flag
    8 00000122 4408            ADD              R0, R1
    9 00000124 00000031 
                       flag    SETA             flag+1
   10 00000124                 WEND
    6 00000124                 WHILE            flag<101



ARM Macro Assembler    Page 6 


    7 00000124 F04F 0131       MOV              R1, #flag
    8 00000128 4408            ADD              R0, R1
    9 0000012A 00000032 
                       flag    SETA             flag+1
   10 0000012A                 WEND
    6 0000012A                 WHILE            flag<101
    7 0000012A F04F 0132       MOV              R1, #flag
    8 0000012E 4408            ADD              R0, R1
    9 00000130 00000033 
                       flag    SETA             flag+1
   10 00000130                 WEND
    6 00000130                 WHILE            flag<101
    7 00000130 F04F 0133       MOV              R1, #flag
    8 00000134 4408            ADD              R0, R1
    9 00000136 00000034 
                       flag    SETA             flag+1
   10 00000136                 WEND
    6 00000136                 WHILE            flag<101
    7 00000136 F04F 0134       MOV              R1, #flag
    8 0000013A 4408            ADD              R0, R1
    9 0000013C 00000035 
                       flag    SETA             flag+1
   10 0000013C                 WEND
    6 0000013C                 WHILE            flag<101
    7 0000013C F04F 0135       MOV              R1, #flag
    8 00000140 4408            ADD              R0, R1
    9 00000142 00000036 
                       flag    SETA             flag+1
   10 00000142                 WEND
    6 00000142                 WHILE            flag<101
    7 00000142 F04F 0136       MOV              R1, #flag
    8 00000146 4408            ADD              R0, R1
    9 00000148 00000037 
                       flag    SETA             flag+1
   10 00000148                 WEND
    6 00000148                 WHILE            flag<101
    7 00000148 F04F 0137       MOV              R1, #flag
    8 0000014C 4408            ADD              R0, R1
    9 0000014E 00000038 
                       flag    SETA             flag+1
   10 0000014E                 WEND
    6 0000014E                 WHILE            flag<101
    7 0000014E F04F 0138       MOV              R1, #flag
    8 00000152 4408            ADD              R0, R1
    9 00000154 00000039 
                       flag    SETA             flag+1
   10 00000154                 WEND
    6 00000154                 WHILE            flag<101
    7 00000154 F04F 0139       MOV              R1, #flag
    8 00000158 4408            ADD              R0, R1
    9 0000015A 0000003A 
                       flag    SETA             flag+1
   10 0000015A                 WEND
    6 0000015A                 WHILE            flag<101
    7 0000015A F04F 013A       MOV              R1, #flag
    8 0000015E 4408            ADD              R0, R1
    9 00000160 0000003B 
                       flag    SETA             flag+1
   10 00000160                 WEND



ARM Macro Assembler    Page 7 


    6 00000160                 WHILE            flag<101
    7 00000160 F04F 013B       MOV              R1, #flag
    8 00000164 4408            ADD              R0, R1
    9 00000166 0000003C 
                       flag    SETA             flag+1
   10 00000166                 WEND
    6 00000166                 WHILE            flag<101
    7 00000166 F04F 013C       MOV              R1, #flag
    8 0000016A 4408            ADD              R0, R1
    9 0000016C 0000003D 
                       flag    SETA             flag+1
   10 0000016C                 WEND
    6 0000016C                 WHILE            flag<101
    7 0000016C F04F 013D       MOV              R1, #flag
    8 00000170 4408            ADD              R0, R1
    9 00000172 0000003E 
                       flag    SETA             flag+1
   10 00000172                 WEND
    6 00000172                 WHILE            flag<101
    7 00000172 F04F 013E       MOV              R1, #flag
    8 00000176 4408            ADD              R0, R1
    9 00000178 0000003F 
                       flag    SETA             flag+1
   10 00000178                 WEND
    6 00000178                 WHILE            flag<101
    7 00000178 F04F 013F       MOV              R1, #flag
    8 0000017C 4408            ADD              R0, R1
    9 0000017E 00000040 
                       flag    SETA             flag+1
   10 0000017E                 WEND
    6 0000017E                 WHILE            flag<101
    7 0000017E F04F 0140       MOV              R1, #flag
    8 00000182 4408            ADD              R0, R1
    9 00000184 00000041 
                       flag    SETA             flag+1
   10 00000184                 WEND
    6 00000184                 WHILE            flag<101
    7 00000184 F04F 0141       MOV              R1, #flag
    8 00000188 4408            ADD              R0, R1
    9 0000018A 00000042 
                       flag    SETA             flag+1
   10 0000018A                 WEND
    6 0000018A                 WHILE            flag<101
    7 0000018A F04F 0142       MOV              R1, #flag
    8 0000018E 4408            ADD              R0, R1
    9 00000190 00000043 
                       flag    SETA             flag+1
   10 00000190                 WEND
    6 00000190                 WHILE            flag<101
    7 00000190 F04F 0143       MOV              R1, #flag
    8 00000194 4408            ADD              R0, R1
    9 00000196 00000044 
                       flag    SETA             flag+1
   10 00000196                 WEND
    6 00000196                 WHILE            flag<101
    7 00000196 F04F 0144       MOV              R1, #flag
    8 0000019A 4408            ADD              R0, R1
    9 0000019C 00000045 
                       flag    SETA             flag+1



ARM Macro Assembler    Page 8 


   10 0000019C                 WEND
    6 0000019C                 WHILE            flag<101
    7 0000019C F04F 0145       MOV              R1, #flag
    8 000001A0 4408            ADD              R0, R1
    9 000001A2 00000046 
                       flag    SETA             flag+1
   10 000001A2                 WEND
    6 000001A2                 WHILE            flag<101
    7 000001A2 F04F 0146       MOV              R1, #flag
    8 000001A6 4408            ADD              R0, R1
    9 000001A8 00000047 
                       flag    SETA             flag+1
   10 000001A8                 WEND
    6 000001A8                 WHILE            flag<101
    7 000001A8 F04F 0147       MOV              R1, #flag
    8 000001AC 4408            ADD              R0, R1
    9 000001AE 00000048 
                       flag    SETA             flag+1
   10 000001AE                 WEND
    6 000001AE                 WHILE            flag<101
    7 000001AE F04F 0148       MOV              R1, #flag
    8 000001B2 4408            ADD              R0, R1
    9 000001B4 00000049 
                       flag    SETA             flag+1
   10 000001B4                 WEND
    6 000001B4                 WHILE            flag<101
    7 000001B4 F04F 0149       MOV              R1, #flag
    8 000001B8 4408            ADD              R0, R1
    9 000001BA 0000004A 
                       flag    SETA             flag+1
   10 000001BA                 WEND
    6 000001BA                 WHILE            flag<101
    7 000001BA F04F 014A       MOV              R1, #flag
    8 000001BE 4408            ADD              R0, R1
    9 000001C0 0000004B 
                       flag    SETA             flag+1
   10 000001C0                 WEND
    6 000001C0                 WHILE            flag<101
    7 000001C0 F04F 014B       MOV              R1, #flag
    8 000001C4 4408            ADD              R0, R1
    9 000001C6 0000004C 
                       flag    SETA             flag+1
   10 000001C6                 WEND
    6 000001C6                 WHILE            flag<101
    7 000001C6 F04F 014C       MOV              R1, #flag
    8 000001CA 4408            ADD              R0, R1
    9 000001CC 0000004D 
                       flag    SETA             flag+1
   10 000001CC                 WEND
    6 000001CC                 WHILE            flag<101
    7 000001CC F04F 014D       MOV              R1, #flag
    8 000001D0 4408            ADD              R0, R1
    9 000001D2 0000004E 
                       flag    SETA             flag+1
   10 000001D2                 WEND
    6 000001D2                 WHILE            flag<101
    7 000001D2 F04F 014E       MOV              R1, #flag
    8 000001D6 4408            ADD              R0, R1
    9 000001D8 0000004F 



ARM Macro Assembler    Page 9 


                       flag    SETA             flag+1
   10 000001D8                 WEND
    6 000001D8                 WHILE            flag<101
    7 000001D8 F04F 014F       MOV              R1, #flag
    8 000001DC 4408            ADD              R0, R1
    9 000001DE 00000050 
                       flag    SETA             flag+1
   10 000001DE                 WEND
    6 000001DE                 WHILE            flag<101
    7 000001DE F04F 0150       MOV              R1, #flag
    8 000001E2 4408            ADD              R0, R1
    9 000001E4 00000051 
                       flag    SETA             flag+1
   10 000001E4                 WEND
    6 000001E4                 WHILE            flag<101
    7 000001E4 F04F 0151       MOV              R1, #flag
    8 000001E8 4408            ADD              R0, R1
    9 000001EA 00000052 
                       flag    SETA             flag+1
   10 000001EA                 WEND
    6 000001EA                 WHILE            flag<101
    7 000001EA F04F 0152       MOV              R1, #flag
    8 000001EE 4408            ADD              R0, R1
    9 000001F0 00000053 
                       flag    SETA             flag+1
   10 000001F0                 WEND
    6 000001F0                 WHILE            flag<101
    7 000001F0 F04F 0153       MOV              R1, #flag
    8 000001F4 4408            ADD              R0, R1
    9 000001F6 00000054 
                       flag    SETA             flag+1
   10 000001F6                 WEND
    6 000001F6                 WHILE            flag<101
    7 000001F6 F04F 0154       MOV              R1, #flag
    8 000001FA 4408            ADD              R0, R1
    9 000001FC 00000055 
                       flag    SETA             flag+1
   10 000001FC                 WEND
    6 000001FC                 WHILE            flag<101
    7 000001FC F04F 0155       MOV              R1, #flag
    8 00000200 4408            ADD              R0, R1
    9 00000202 00000056 
                       flag    SETA             flag+1
   10 00000202                 WEND
    6 00000202                 WHILE            flag<101
    7 00000202 F04F 0156       MOV              R1, #flag
    8 00000206 4408            ADD              R0, R1
    9 00000208 00000057 
                       flag    SETA             flag+1
   10 00000208                 WEND
    6 00000208                 WHILE            flag<101
    7 00000208 F04F 0157       MOV              R1, #flag
    8 0000020C 4408            ADD              R0, R1
    9 0000020E 00000058 
                       flag    SETA             flag+1
   10 0000020E                 WEND
    6 0000020E                 WHILE            flag<101
    7 0000020E F04F 0158       MOV              R1, #flag
    8 00000212 4408            ADD              R0, R1



ARM Macro Assembler    Page 10 


    9 00000214 00000059 
                       flag    SETA             flag+1
   10 00000214                 WEND
    6 00000214                 WHILE            flag<101
    7 00000214 F04F 0159       MOV              R1, #flag
    8 00000218 4408            ADD              R0, R1
    9 0000021A 0000005A 
                       flag    SETA             flag+1
   10 0000021A                 WEND
    6 0000021A                 WHILE            flag<101
    7 0000021A F04F 015A       MOV              R1, #flag
    8 0000021E 4408            ADD              R0, R1
    9 00000220 0000005B 
                       flag    SETA             flag+1
   10 00000220                 WEND
    6 00000220                 WHILE            flag<101
    7 00000220 F04F 015B       MOV              R1, #flag
    8 00000224 4408            ADD              R0, R1
    9 00000226 0000005C 
                       flag    SETA             flag+1
   10 00000226                 WEND
    6 00000226                 WHILE            flag<101
    7 00000226 F04F 015C       MOV              R1, #flag
    8 0000022A 4408            ADD              R0, R1
    9 0000022C 0000005D 
                       flag    SETA             flag+1
   10 0000022C                 WEND
    6 0000022C                 WHILE            flag<101
    7 0000022C F04F 015D       MOV              R1, #flag
    8 00000230 4408            ADD              R0, R1
    9 00000232 0000005E 
                       flag    SETA             flag+1
   10 00000232                 WEND
    6 00000232                 WHILE            flag<101
    7 00000232 F04F 015E       MOV              R1, #flag
    8 00000236 4408            ADD              R0, R1
    9 00000238 0000005F 
                       flag    SETA             flag+1
   10 00000238                 WEND
    6 00000238                 WHILE            flag<101
    7 00000238 F04F 015F       MOV              R1, #flag
    8 0000023C 4408            ADD              R0, R1
    9 0000023E 00000060 
                       flag    SETA             flag+1
   10 0000023E                 WEND
    6 0000023E                 WHILE            flag<101
    7 0000023E F04F 0160       MOV              R1, #flag
    8 00000242 4408            ADD              R0, R1
    9 00000244 00000061 
                       flag    SETA             flag+1
   10 00000244                 WEND
    6 00000244                 WHILE            flag<101
    7 00000244 F04F 0161       MOV              R1, #flag
    8 00000248 4408            ADD              R0, R1
    9 0000024A 00000062 
                       flag    SETA             flag+1
   10 0000024A                 WEND
    6 0000024A                 WHILE            flag<101
    7 0000024A F04F 0162       MOV              R1, #flag



ARM Macro Assembler    Page 11 


    8 0000024E 4408            ADD              R0, R1
    9 00000250 00000063 
                       flag    SETA             flag+1
   10 00000250                 WEND
    6 00000250                 WHILE            flag<101
    7 00000250 F04F 0163       MOV              R1, #flag
    8 00000254 4408            ADD              R0, R1
    9 00000256 00000064 
                       flag    SETA             flag+1
   10 00000256                 WEND
    6 00000256                 WHILE            flag<101
    7 00000256 F04F 0164       MOV              R1, #flag
    8 0000025A 4408            ADD              R0, R1
    9 0000025C 00000065 
                       flag    SETA             flag+1
   10 0000025C                 WEND
    6 0000025C                 WHILE            flag<101
   11 0000025C         END
                       
Command Line: --debug --xref --diag_suppress=9931 --cpu=Cortex-M4.fp --apcs=int
erwork --depend=.\objects\example.d -o.\objects\example.o -I"D:\Î¢»úÔ­ÀíÓëÇ¶ÈëÊ
½ÏµÍ³\Ô´Âë\ÊµÑé6.3.1 »ã±à1-100ÀÛ¼Ó\RTE" -IC:\Keil_v5\ARM\PACK\Keil\STM32F4xx_DF
P\1.0.8\Device\Include -IC:\Keil_v5\ARM\CMSIS\Include --predefine="__UVISION_VE
RSION SETA 514" --predefine="STM32F40_41xxx SETA 1" --list=.\listings\example.l
st example.s



ARM Macro Assembler    Page 1 Alphabetic symbol ordering
Relocatable symbols

END 0000025C

Symbol: END
   Definitions
      At line 11 in file example.s
   Uses
      None
Comment: END unused
ENTRY 00000000

Symbol: ENTRY
   Definitions
      At line 2 in file example.s
   Uses
      None
Comment: ENTRY unused
RESET 00000000

Symbol: RESET
   Definitions
      At line 1 in file example.s
   Uses
      None
Comment: RESET unused
3 symbols
337 symbols in table
